0.4729 	WARNING 	Movie2 stim could not be imported and won't be available
0.6805 	WARNING 	TextBox stim could not be imported and won't be available.
0.6805 	WARNING 	TextBox Font Manager Found No Fonts.
2.9694 	EXP 	Created window1 = Window(allowGUI=True, allowStencil=False, autoLog=True, bitsMode=UNKNOWN, blendMode='avg', color=array([ 0.,  0.,  0.]), colorSpace='rgb', fullscr=UNKNOWN, gamma=None, lms=UNKNOWN, monitor=<psychopy.monitors.calibTools.Monitor instance at 0xbe89a30>, name='window1', pos=[-120, -75], screen=0, size=array([1680, 1050]), stereo=False, units=u'norm', useFBO=True, viewOri=0.0, viewPos=None, viewScale=None, waitBlanking=True, winType='pyglet')
2.9695 	EXP 	window1: recordFrameIntervals = False
3.1331 	EXP 	window1: recordFrameIntervals = True
3.3153 	EXP 	window1: recordFrameIntervals = False
3.4459 	EXP 	Created instructions_text = TextStim(alignHoriz='center', alignVert='center', antialias=True, autoLog=True, bold=False, color='white', colorSpace='named', contrast=1.0, depth=0.0, flipHoriz=False, flipVert=False, font='Arial', fontFiles=[], height=0.1, italic=False, name='instructions_text', opacity=1.0, ori=0, pos=array([ 0.,  0.]), rgb=array([ 255.,  255.,  255.]), text=unicode(...), units=u'norm', win=Window(...), wrapWidth=1)
3.4502 	EXP 	Created crossPractice = TextStim(alignHoriz='center', alignVert='center', antialias=True, autoLog=True, bold=False, color='red', colorSpace='named', contrast=1.0, depth=0.0, flipHoriz=False, flipVert=False, font='Arial', fontFiles=[], height=0.5, italic=False, name='crossPractice', opacity=1.0, ori=0, pos=array([ 0.,  0.]), rgb=array([ 255.,    0.,    0.]), text=u'+', units=u'norm', win=Window(...), wrapWidth=1)
3.4617 	EXP 	Set  sound=A
3.4617 	EXP 	Set Sound  volume=1.000
3.4978 	EXP 	Created sheep_image = ImageStim(autoLog=True, color=array([ 1.,  1.,  1.]), colorSpace='rgb', contrast=1.0, depth=-3.0, flipHoriz=False, flipVert=False, image='sheep1.jpg', interpolate=True, mask=None, maskParams=None, name='sheep_image', opacity=1.0, ori=0.0, pos=array([-0.5,  0.3]), size=array([ 0.5,  0.5]), texRes=128, units=u'norm', win=Window(...))
3.5194 	EXP 	Created ship_image = ImageStim(autoLog=True, color=array([ 1.,  1.,  1.]), colorSpace='rgb', contrast=1.0, depth=-4.0, flipHoriz=False, flipVert=False, image='ship1.jpg', interpolate=True, mask=None, maskParams=None, name='ship_image', opacity=1.0, ori=0.0, pos=array([ 0.5,  0.3]), size=array([ 0.5,  0.5]), texRes=128, units=u'norm', win=Window(...))
3.5217 	EXP 	Created practice_left = TextStim(alignHoriz='center', alignVert='center', antialias=True, autoLog=True, bold=False, color='white', colorSpace='named', contrast=1.0, depth=-5.0, flipHoriz=False, flipVert=False, font='Arial', fontFiles=[], height=0.1, italic=False, name='practice_left', opacity=1.0, ori=0, pos=array([-0.5, -0.3]), rgb=array([ 255.,  255.,  255.]), text=u'L', units=u'norm', win=Window(...), wrapWidth=1)
3.5267 	EXP 	Created practice_right = TextStim(alignHoriz='center', alignVert='center', antialias=True, autoLog=True, bold=False, color='white', colorSpace='named', contrast=1.0, depth=-6.0, flipHoriz=False, flipVert=False, font='Arial', fontFiles=[], height=0.1, italic=False, name='practice_right', opacity=1.0, ori=0, pos=array([ 0.5, -0.3]), rgb=array([ 255.,  255.,  255.]), text=u'R', units=u'norm', win=Window(...), wrapWidth=1)
3.5310 	EXP 	Created text = TextStim(alignHoriz='center', alignVert='center', antialias=True, autoLog=True, bold=False, color='white', colorSpace='named', contrast=1.0, depth=-1.0, flipHoriz=False, flipVert=False, font='Arial', fontFiles=[], height=0.1, italic=False, name='text', opacity=1.0, ori=0, pos=array([ 0.,  0.]), rgb=array([ 255.,  255.,  255.]), text=u'default text', units=u'norm', win=Window(...), wrapWidth=1)
3.5472 	EXP 	Created gotIT = TextStim(alignHoriz='center', alignVert='center', antialias=True, autoLog=True, bold=False, color='white', colorSpace='named', contrast=1.0, depth=0.0, flipHoriz=False, flipVert=False, font='Arial', fontFiles=[], height=0.1, italic=False, name='gotIT', opacity=1.0, ori=0, pos=array([ 0.,  0.]), rgb=array([ 255.,  255.,  255.]), text=unicode(...), units=u'norm', win=Window(...), wrapWidth=1)
3.5575 	EXP 	Created break_text = TextStim(alignHoriz='center', alignVert='center', antialias=True, autoLog=True, bold=False, color='white', colorSpace='named', contrast=1.0, depth=-1.0, flipHoriz=False, flipVert=False, font='Arial', fontFiles=[], height=0.1, italic=False, name='break_text', opacity=1.0, ori=0, pos=array([ 0.,  0.]), rgb=array([ 255.,  255.,  255.]), text=unicode(...), units=u'norm', win=Window(...), wrapWidth=1)
3.5597 	EXP 	Created cross_tr = TextStim(alignHoriz='center', alignVert='center', antialias=True, autoLog=True, bold=False, color='red', colorSpace='named', contrast=1.0, depth=0.0, flipHoriz=False, flipVert=False, font='Arial', fontFiles=[], height=0.5, italic=False, name='cross_tr', opacity=1.0, ori=0, pos=array([ 0.,  0.]), rgb=array([ 255.,    0.,    0.]), text=u'+', units=u'norm', win=Window(...), wrapWidth=1)
3.5633 	EXP 	Set  sound=A
3.5634 	EXP 	Set Sound  volume=1.000
3.5768 	EXP 	Created image_sheep = ImageStim(autoLog=True, color=array([ 1.,  1.,  1.]), colorSpace='rgb', contrast=1.0, depth=-3.0, flipHoriz=False, flipVert=False, image='sheep.jpg', interpolate=True, mask=None, maskParams=None, name='image_sheep', opacity=1.0, ori=0.0, pos=array([-0.5,  0.3]), size=array([ 0.5,  0.5]), texRes=128, units=u'norm', win=Window(...))
3.5948 	EXP 	Created image_ship = ImageStim(autoLog=True, color=array([ 1.,  1.,  1.]), colorSpace='rgb', contrast=1.0, depth=-4.0, flipHoriz=False, flipVert=False, image='ship.jpg', interpolate=True, mask=None, maskParams=None, name='image_ship', opacity=1.0, ori=0.0, pos=array([ 0.5,  0.3]), size=array([ 0.5,  0.5]), texRes=128, units=u'norm', win=Window(...))
3.5973 	EXP 	Created left = TextStim(alignHoriz='center', alignVert='center', antialias=True, autoLog=True, bold=False, color='white', colorSpace='named', contrast=1.0, depth=-5.0, flipHoriz=False, flipVert=False, font='Arial', fontFiles=[], height=0.1, italic=False, name='left', opacity=1.0, ori=0, pos=array([-0.5, -0.3]), rgb=array([ 255.,  255.,  255.]), text=u'L', units=u'norm', win=Window(...), wrapWidth=1)
3.5995 	EXP 	Created right = TextStim(alignHoriz='center', alignVert='center', antialias=True, autoLog=True, bold=False, color='white', colorSpace='named', contrast=1.0, depth=-6.0, flipHoriz=False, flipVert=False, font='Arial', fontFiles=[], height=0.1, italic=False, name='right', opacity=1.0, ori=0, pos=array([ 0.5, -0.3]), rgb=array([ 255.,  255.,  255.]), text=u'R', units=u'norm', win=Window(...), wrapWidth=1)
3.6033 	EXP 	Created text_2 = TextStim(alignHoriz='center', alignVert='center', antialias=True, autoLog=True, bold=False, color='white', colorSpace='named', contrast=1.0, depth=-1.0, flipHoriz=False, flipVert=False, font='Arial', fontFiles=[], height=0.1, italic=False, name='text_2', opacity=1.0, ori=0, pos=array([ 0.,  0.]), rgb=array([ 255.,  255.,  255.]), text=u'default text', units=u'norm', win=Window(...), wrapWidth=1)
3.6130 	EXP 	Created done = TextStim(alignHoriz='center', alignVert='center', antialias=True, autoLog=True, bold=False, color='white', colorSpace='named', contrast=1.0, depth=0.0, flipHoriz=False, flipVert=False, font='Arial', fontFiles=[], height=0.1, italic=False, name='done', opacity=1.0, ori=0, pos=array([ 0.,  0.]), rgb=array([ 255.,  255.,  255.]), text=u"That's it. Thanks you for participating.", units=u'norm', win=Window(...), wrapWidth=1)
3.6299 	EXP 	instructions_text: autoDraw = True
7.7017 	DATA 	Keypress: space
7.7107 	EXP 	Imported practice_trial.xlsx as conditions, 8 conditions, 1 params
7.7115 	EXP 	Created sequence: random, trialTypes=8, nReps=1, seed=None
7.7121 	EXP 	New trial (rep=0, index=0): {u'stimuli': u'final_1_10.wav'}
7.7142 	EXP 	Set  sound=final_1_10.wav
7.7351 	EXP 	instructions_text: autoDraw = False
7.7351 	EXP 	crossPractice: autoDraw = True
8.1169 	EXP 	crossPractice: autoDraw = False
8.2171 	EXP 	Sound  started
8.2337 	EXP 	sheep_image: autoDraw = True
8.2337 	EXP 	ship_image: autoDraw = True
8.2337 	EXP 	practice_left: autoDraw = True
8.2337 	EXP 	practice_right: autoDraw = True
9.4866 	DATA 	Keypress: left
9.5151 	EXP 	crossPractice: autoDraw = False
9.5151 	EXP 	sheep_image: autoDraw = False
9.5151 	EXP 	ship_image: autoDraw = False
9.5151 	EXP 	practice_left: autoDraw = False
9.5151 	EXP 	practice_right: autoDraw = False
9.5151 	EXP 	text: text = '1.270 ...FASTER!'
9.5151 	EXP 	text: autoDraw = True
10.4848 	EXP 	New trial (rep=0, index=1): {u'stimuli': u'final_9_10.wav'}
10.4859 	EXP 	Set  sound=final_9_10.wav
10.5000 	EXP 	text: autoDraw = False
10.5000 	EXP 	text: autoDraw = False
10.5000 	EXP 	crossPractice: autoDraw = True
10.9005 	EXP 	crossPractice: autoDraw = False
11.0012 	EXP 	Sound  started
11.0180 	EXP 	sheep_image: autoDraw = True
11.0180 	EXP 	ship_image: autoDraw = True
11.0180 	EXP 	practice_left: autoDraw = True
11.0180 	EXP 	practice_right: autoDraw = True
11.5865 	DATA 	Keypress: right
11.6188 	EXP 	crossPractice: autoDraw = False
11.6188 	EXP 	sheep_image: autoDraw = False
11.6188 	EXP 	ship_image: autoDraw = False
11.6188 	EXP 	practice_left: autoDraw = False
11.6188 	EXP 	practice_right: autoDraw = False
11.6188 	EXP 	text: text = '0.586 ...FASTER!'
11.6188 	EXP 	text: autoDraw = True
12.5847 	EXP 	New trial (rep=0, index=2): {u'stimuli': u'final_7_6.wav'}
12.5863 	EXP 	Set  sound=final_7_6.wav
12.6006 	EXP 	text: autoDraw = False
12.6006 	EXP 	text: autoDraw = False
12.6006 	EXP 	crossPractice: autoDraw = True
13.0005 	EXP 	crossPractice: autoDraw = False
13.0849 	EXP 	Sound  started
13.1006 	EXP 	sheep_image: autoDraw = True
13.1006 	EXP 	ship_image: autoDraw = True
13.1006 	EXP 	practice_left: autoDraw = True
13.1006 	EXP 	practice_right: autoDraw = True
13.4864 	DATA 	Keypress: left
13.5098 	EXP 	crossPractice: autoDraw = False
13.5098 	EXP 	sheep_image: autoDraw = False
13.5098 	EXP 	ship_image: autoDraw = False
13.5098 	EXP 	practice_left: autoDraw = False
13.5098 	EXP 	practice_right: autoDraw = False
13.5098 	EXP 	text: text = '0.402 ...FASTER!'
13.5098 	EXP 	text: autoDraw = True
14.4861 	EXP 	New trial (rep=0, index=3): {u'stimuli': u'final_8_5.wav'}
14.4882 	EXP 	Set  sound=final_8_5.wav
14.5011 	EXP 	text: autoDraw = False
14.5011 	EXP 	text: autoDraw = False
14.5011 	EXP 	crossPractice: autoDraw = True
14.9010 	EXP 	crossPractice: autoDraw = False
15.0011 	EXP 	Sound  started
15.0181 	EXP 	sheep_image: autoDraw = True
15.0181 	EXP 	ship_image: autoDraw = True
15.0181 	EXP 	practice_left: autoDraw = True
15.0181 	EXP 	practice_right: autoDraw = True
15.5366 	DATA 	Keypress: right
15.5669 	EXP 	crossPractice: autoDraw = False
15.5669 	EXP 	sheep_image: autoDraw = False
15.5669 	EXP 	ship_image: autoDraw = False
15.5669 	EXP 	practice_left: autoDraw = False
15.5669 	EXP 	practice_right: autoDraw = False
15.5669 	EXP 	text: text = '0.536 ...FASTER!'
15.5669 	EXP 	text: autoDraw = True
16.5350 	EXP 	New trial (rep=0, index=4): {u'stimuli': u'final_3_6.wav'}
16.5365 	EXP 	Set  sound=final_3_6.wav
16.5517 	EXP 	text: autoDraw = False
16.5517 	EXP 	text: autoDraw = False
16.5517 	EXP 	crossPractice: autoDraw = True
16.9521 	EXP 	crossPractice: autoDraw = False
17.0525 	EXP 	Sound  started
17.0683 	EXP 	sheep_image: autoDraw = True
17.0683 	EXP 	ship_image: autoDraw = True
17.0683 	EXP 	practice_left: autoDraw = True
17.0683 	EXP 	practice_right: autoDraw = True
17.6208 	DATA 	Keypress: left
17.6389 	EXP 	crossPractice: autoDraw = False
17.6389 	EXP 	sheep_image: autoDraw = False
17.6389 	EXP 	ship_image: autoDraw = False
17.6389 	EXP 	practice_left: autoDraw = False
17.6389 	EXP 	practice_right: autoDraw = False
17.6389 	EXP 	text: text = '0.569 ...FASTER!'
17.6389 	EXP 	text: autoDraw = True
18.6194 	EXP 	New trial (rep=0, index=5): {u'stimuli': u'final_0_0.wav'}
18.6214 	EXP 	Set  sound=final_0_0.wav
18.6351 	EXP 	text: autoDraw = False
18.6351 	EXP 	text: autoDraw = False
18.6351 	EXP 	crossPractice: autoDraw = True
19.0347 	EXP 	crossPractice: autoDraw = False
19.1355 	EXP 	Sound  started
19.1511 	EXP 	sheep_image: autoDraw = True
19.1511 	EXP 	ship_image: autoDraw = True
19.1511 	EXP 	practice_left: autoDraw = True
19.1511 	EXP 	practice_right: autoDraw = True
19.9711 	DATA 	Keypress: escape
