0.3039 	WARNING 	Movie2 stim could not be imported and won't be available
0.7838 	WARNING 	TextBox stim could not be imported and won't be available.
0.7838 	WARNING 	TextBox Font Manager Found No Fonts.
3.4006 	EXP 	Created window1 = Window(allowGUI=False, allowStencil=False, autoLog=True, bitsMode=UNKNOWN, blendMode='avg', color=array([ 1.,  1.,  1.]), colorSpace='rgb', fullscr=UNKNOWN, gamma=None, lms=UNKNOWN, monitor=<psychopy.monitors.calibTools.Monitor instance at 0xcb05a30>, name='window1', pos=[0, 0], screen=0, size=array([1440,  900]), stereo=False, units=u'norm', useFBO=True, viewOri=0.0, viewPos=None, viewScale=None, waitBlanking=True, winType='pyglet')
3.4006 	EXP 	window1: recordFrameIntervals = False
3.5658 	EXP 	window1: recordFrameIntervals = True
3.7493 	EXP 	window1: recordFrameIntervals = False
3.8019 	EXP 	Created text = TextStim(alignHoriz='center', alignVert='center', antialias=True, autoLog=True, bold=False, color='black', colorSpace='named', contrast=1.0, depth=-1.0, flipHoriz=False, flipVert=False, font='Arial', fontFiles=[], height=0.1, italic=False, name='text', opacity=1.0, ori=0, pos=array([ 0.,  0.]), rgb=array([ 0.,  0.,  0.]), text=u'las instrucciones van aqu\xed', units=u'norm', win=Window(...), wrapWidth=1)
3.8100 	EXP 	Created text_2 = TextStim(alignHoriz='center', alignVert='center', antialias=True, autoLog=True, bold=False, color='black', colorSpace='named', contrast=1.0, depth=0.0, flipHoriz=False, flipVert=False, font='Arial', fontFiles=[], height=0.2, italic=False, name='text_2', opacity=1.0, ori=0, pos=array([ 0. ,  0.5]), rgb=array([ 0.,  0.,  0.]), text=u'default text', units=u'norm', win=Window(...), wrapWidth=1)
3.8131 	EXP 	Created text_3 = TextStim(alignHoriz='center', alignVert='center', antialias=True, autoLog=True, bold=False, color='green', colorSpace='named', contrast=1.0, depth=-1.0, flipHoriz=False, flipVert=False, font='Arial', fontFiles=[], height=0.2, italic=False, name='text_3', opacity=1.0, ori=0, pos=array([-0.5, -0.5]), rgb=array([   0.,  128.,    0.]), text=u's\xed', units=u'norm', win=Window(...), wrapWidth=1)
3.8161 	EXP 	Created text_4 = TextStim(alignHoriz='center', alignVert='center', antialias=True, autoLog=True, bold=False, color='red', colorSpace='named', contrast=1.0, depth=-2.0, flipHoriz=False, flipVert=False, font='Arial', fontFiles=[], height=0.2, italic=False, name='text_4', opacity=1.0, ori=0, pos=array([ 0.5, -0.5]), rgb=array([ 255.,    0.,    0.]), text=u'no', units=u'norm', win=Window(...), wrapWidth=1)
3.8202 	EXP 	Created text_5 = TextStim(alignHoriz='center', alignVert='center', antialias=True, autoLog=True, bold=False, color='black', colorSpace='named', contrast=1.0, depth=0.0, flipHoriz=False, flipVert=False, font='Arial', fontFiles=[], height=0.1, italic=False, name='text_5', opacity=1.0, ori=0, pos=array([ 0.,  0.]), rgb=array([ 0.,  0.,  0.]), text=u'gracias', units=u'norm', win=Window(...), wrapWidth=1)
3.8324 	EXP 	text: autoDraw = True
4.9163 	DATA 	Keypress: space
5.8300 	EXP 	Imported decision_lexica_visual.xlsx as conditions, 32 conditions, 4 params
5.8305 	EXP 	Created sequence: random, trialTypes=32, nReps=2, seed=None
5.8310 	EXP 	New trial (rep=0, index=0): {u'frecuencia_base': u'high', u'resp': u'right', u'estimulo': u'rebardici\xf3n', u'productividad_afijo': u'high'}
5.8493 	EXP 	text: autoDraw = False
5.8493 	EXP 	text: autoDraw = False
5.8493 	EXP 	text_2: text = u'rebardici\xf3n'
6.3495 	EXP 	text_2: autoDraw = True
6.3495 	EXP 	text_3: autoDraw = True
6.3495 	EXP 	text_4: autoDraw = True
7.8500 	DATA 	Keypress: left
8.3345 	EXP 	New trial (rep=0, index=1): {u'frecuencia_base': u'low', u'resp': u'right', u'estimulo': u'redad\xedo', u'productividad_afijo': u'high'}
8.3498 	EXP 	text_2: autoDraw = False
8.3498 	EXP 	text_3: autoDraw = False
8.3498 	EXP 	text_4: autoDraw = False
8.3498 	EXP 	text_2: text = u'redad\xedo'
8.8665 	EXP 	text_2: autoDraw = True
8.8665 	EXP 	text_3: autoDraw = True
8.8665 	EXP 	text_4: autoDraw = True
10.0171 	DATA 	Keypress: left
10.8346 	EXP 	New trial (rep=0, index=2): {u'frecuencia_base': u'high', u'resp': u'right', u'estimulo': u'viaseto', u'productividad_afijo': u'high'}
10.8501 	EXP 	text_2: autoDraw = False
10.8501 	EXP 	text_3: autoDraw = False
10.8501 	EXP 	text_4: autoDraw = False
10.8501 	EXP 	text_2: text = u'viaseto'
11.3668 	EXP 	text_2: autoDraw = True
11.3668 	EXP 	text_3: autoDraw = True
11.3668 	EXP 	text_4: autoDraw = True
12.9509 	DATA 	Keypress: left
13.3348 	EXP 	New trial (rep=0, index=3): {u'frecuencia_base': u'high', u'resp': u'left', u'estimulo': u'vetanuco', u'productividad_afijo': u'low'}
13.3505 	EXP 	text_2: autoDraw = False
13.3505 	EXP 	text_3: autoDraw = False
13.3505 	EXP 	text_4: autoDraw = False
13.3505 	EXP 	text_2: text = u'vetanuco'
13.8673 	EXP 	text_2: autoDraw = True
13.8673 	EXP 	text_3: autoDraw = True
13.8673 	EXP 	text_4: autoDraw = True
14.4179 	DATA 	Keypress: right
15.8348 	EXP 	New trial (rep=0, index=4): {u'frecuencia_base': u'low', u'resp': u'right', u'estimulo': u'diresdor', u'productividad_afijo': u'high'}
15.8509 	EXP 	text_2: autoDraw = False
15.8509 	EXP 	text_3: autoDraw = False
15.8509 	EXP 	text_4: autoDraw = False
15.8509 	EXP 	text_2: text = u'diresdor'
16.3676 	EXP 	text_2: autoDraw = True
16.3676 	EXP 	text_3: autoDraw = True
16.3676 	EXP 	text_4: autoDraw = True
16.8849 	DATA 	Keypress: escape
